2024-04-09T14:54:20.086-03:00  INFO 15096 --- [controle_empregado_projeto] [restartedMain] .c.c.ControleEmpregadoProjetoApplication : Starting ControleEmpregadoProjetoApplication using Java 21.0.2 with PID 15096 (C:\Users\06569235559\Documents\residencia18\java-avancado\aula-09\controle_empregado_projeto\target\classes started by 06569235559 in C:\Users\06569235559\Documents\residencia18\java-avancado\aula-09\controle_empregado_projeto)
2024-04-09T14:54:20.087-03:00  INFO 15096 --- [controle_empregado_projeto] [restartedMain] .c.c.ControleEmpregadoProjetoApplication : No active profile set, falling back to 1 default profile: "default"
2024-04-09T14:54:20.118-03:00  INFO 15096 --- [controle_empregado_projeto] [restartedMain] .e.DevToolsPropertyDefaultsPostProcessor : Devtools property defaults active! Set 'spring.devtools.add-properties' to 'false' to disable
2024-04-09T14:54:20.118-03:00  INFO 15096 --- [controle_empregado_projeto] [restartedMain] .e.DevToolsPropertyDefaultsPostProcessor : For additional web related logging consider setting the 'logging.level.web' property to 'DEBUG'
2024-04-09T14:54:20.587-03:00  INFO 15096 --- [controle_empregado_projeto] [restartedMain] .s.d.r.c.RepositoryConfigurationDelegate : Bootstrapping Spring Data JPA repositories in DEFAULT mode.
2024-04-09T14:54:20.626-03:00  INFO 15096 --- [controle_empregado_projeto] [restartedMain] .s.d.r.c.RepositoryConfigurationDelegate : Finished Spring Data repository scanning in 33 ms. Found 2 JPA repository interfaces.
2024-04-09T14:54:20.978-03:00  INFO 15096 --- [controle_empregado_projeto] [restartedMain] o.s.b.w.embedded.tomcat.TomcatWebServer  : Tomcat initialized with port 8080 (http)
2024-04-09T14:54:20.986-03:00  INFO 15096 --- [controle_empregado_projeto] [restartedMain] o.apache.catalina.core.StandardService   : Starting service [Tomcat]
2024-04-09T14:54:20.987-03:00  INFO 15096 --- [controle_empregado_projeto] [restartedMain] o.apache.catalina.core.StandardEngine    : Starting Servlet engine: [Apache Tomcat/10.1.19]
2024-04-09T14:54:21.017-03:00  INFO 15096 --- [controle_empregado_projeto] [restartedMain] o.a.c.c.C.[Tomcat].[localhost].[/]       : Initializing Spring embedded WebApplicationContext
2024-04-09T14:54:21.017-03:00  INFO 15096 --- [controle_empregado_projeto] [restartedMain] w.s.c.ServletWebServerApplicationContext : Root WebApplicationContext: initialization completed in 899 ms
2024-04-09T14:54:21.113-03:00  INFO 15096 --- [controle_empregado_projeto] [restartedMain] o.hibernate.jpa.internal.util.LogHelper  : HHH000204: Processing PersistenceUnitInfo [name: default]
2024-04-09T14:54:21.160-03:00  INFO 15096 --- [controle_empregado_projeto] [restartedMain] org.hibernate.Version                    : HHH000412: Hibernate ORM core version 6.4.4.Final
2024-04-09T14:54:21.188-03:00  INFO 15096 --- [controle_empregado_projeto] [restartedMain] o.h.c.internal.RegionFactoryInitiator    : HHH000026: Second-level cache disabled
2024-04-09T14:54:21.374-03:00  INFO 15096 --- [controle_empregado_projeto] [restartedMain] o.s.o.j.p.SpringPersistenceUnitInfo      : No LoadTimeWeaver setup: ignoring JPA class transformer
2024-04-09T14:54:21.396-03:00  INFO 15096 --- [controle_empregado_projeto] [restartedMain] com.zaxxer.hikari.HikariDataSource       : HikariPool-1 - Starting...
2024-04-09T14:54:21.521-03:00  INFO 15096 --- [controle_empregado_projeto] [restartedMain] com.zaxxer.hikari.pool.HikariPool        : HikariPool-1 - Added connection org.postgresql.jdbc.PgConnection@3344876e
2024-04-09T14:54:21.522-03:00  INFO 15096 --- [controle_empregado_projeto] [restartedMain] com.zaxxer.hikari.HikariDataSource       : HikariPool-1 - Start completed.
2024-04-09T14:54:21.550-03:00  WARN 15096 --- [controle_empregado_projeto] [restartedMain] org.hibernate.orm.deprecation            : HHH90000025: PostgreSQLDialect does not need to be specified explicitly using 'hibernate.dialect' (remove the property setting and it will be selected by default)
2024-04-09T14:54:22.227-03:00  INFO 15096 --- [controle_empregado_projeto] [restartedMain] o.h.e.t.j.p.i.JtaPlatformInitiator       : HHH000489: No JTA platform available (set 'hibernate.transaction.jta.platform' to enable JTA platform integration)
2024-04-09T14:54:22.298-03:00  INFO 15096 --- [controle_empregado_projeto] [restartedMain] j.LocalContainerEntityManagerFactoryBean : Initialized JPA EntityManagerFactory for persistence unit 'default'
2024-04-09T14:54:22.488-03:00  WARN 15096 --- [controle_empregado_projeto] [restartedMain] JpaBaseConfiguration$JpaWebConfiguration : spring.jpa.open-in-view is enabled by default. Therefore, database queries may be performed during view rendering. Explicitly configure spring.jpa.open-in-view to disable this warning
2024-04-09T14:54:22.693-03:00  INFO 15096 --- [controle_empregado_projeto] [restartedMain] o.s.b.d.a.OptionalLiveReloadServer       : LiveReload server is running on port 35729
2024-04-09T14:54:22.716-03:00  INFO 15096 --- [controle_empregado_projeto] [restartedMain] o.s.b.w.embedded.tomcat.TomcatWebServer  : Tomcat started on port 8080 (http) with context path ''
2024-04-09T14:54:22.722-03:00  INFO 15096 --- [controle_empregado_projeto] [restartedMain] .c.c.ControleEmpregadoProjetoApplication : Started ControleEmpregadoProjetoApplication in 2.899 seconds (process running for 3.753)
2024-04-09T14:54:22.723-03:00  INFO 15096 --- [controle_empregado_projeto] [restartedMain] .c.c.ControleEmpregadoProjetoApplication : Aplicaçâo iniciada...
2024-04-09T14:54:33.261-03:00  INFO 15096 --- [controle_empregado_projeto] [SpringApplicationShutdownHook] j.LocalContainerEntityManagerFactoryBean : Closing JPA EntityManagerFactory for persistence unit 'default'
2024-04-09T14:54:33.263-03:00  INFO 15096 --- [controle_empregado_projeto] [SpringApplicationShutdownHook] com.zaxxer.hikari.HikariDataSource       : HikariPool-1 - Shutdown initiated...
2024-04-09T14:54:33.266-03:00  INFO 15096 --- [controle_empregado_projeto] [SpringApplicationShutdownHook] com.zaxxer.hikari.HikariDataSource       : HikariPool-1 - Shutdown completed.
